\BOOKMARK [1][-]{section.1}{Imports}{}% 1
\BOOKMARK [1][-]{section.2}{Classvariables}{}% 2
\BOOKMARK [1][-]{section.3}{Methods}{}% 3
\BOOKMARK [2][-]{subsection.3.1}{\137\137init\137\137}{section.3}% 4
\BOOKMARK [2][-]{subsection.3.2}{init\137yomopi}{section.3}% 5
\BOOKMARK [2][-]{subsection.3.3}{set\137lines}{section.3}% 6
\BOOKMARK [2][-]{subsection.3.4}{enable\137board}{section.3}% 7
\BOOKMARK [2][-]{subsection.3.5}{disable\137board}{section.3}% 8
\BOOKMARK [2][-]{subsection.3.6}{write\1378bit}{section.3}% 9
\BOOKMARK [2][-]{subsection.3.7}{read\1378bit}{section.3}% 10
\BOOKMARK [2][-]{subsection.3.8}{read\13716bit}{section.3}% 11
\BOOKMARK [2][-]{subsection.3.9}{read\13724bit}{section.3}% 12
\BOOKMARK [2][-]{subsection.3.10}{get\137temp}{section.3}% 13
\BOOKMARK [2][-]{subsection.3.11}{get\137aenergy}{section.3}% 14
\BOOKMARK [2][-]{subsection.3.12}{get\137appenergy}{section.3}% 15
\BOOKMARK [2][-]{subsection.3.13}{get\137period}{section.3}% 16
\BOOKMARK [2][-]{subsection.3.14}{set\137opmode}{section.3}% 17
\BOOKMARK [2][-]{subsection.3.15}{set\137mmode}{section.3}% 18
\BOOKMARK [2][-]{subsection.3.16}{get\137sample}{section.3}% 19
\BOOKMARK [2][-]{subsection.3.17}{get\137vrms}{section.3}% 20
\BOOKMARK [2][-]{subsection.3.18}{get\137irms}{section.3}% 21
\BOOKMARK [2][-]{subsection.3.19}{start\137sampling}{section.3}% 22
\BOOKMARK [2][-]{subsection.3.20}{close}{section.3}% 23
\BOOKMARK [1][-]{section.4}{OPMODE}{}% 24
\BOOKMARK [1][-]{section.5}{MMODE}{}% 25
\BOOKMARK [1][-]{section.6}{Examples}{}% 26
