1521191569.96; 0.0; 0.036162; 0.036162; 0; 2.247833735; 0.069089151; 
1521191570.97; 0.0; 0.036162; 0.036162; 0; 2.247409304; 3.2421e-05; 
1521191571.98; 0.0; 0.0; 0.0; 0; 2.244249651; 0.0; 
1521191572.98; 0.0; 0.036162; 0.036162; 0; 2.301500677; 0.000821332; 
1521191573.99; 0.0; 0.0; 0.0; 0; 2.423831123; 0.000226947; 
1521191575.0; 0.0; 0.0; 0.0; 0; 2.345594342; 0.0; 
1521191576.0; 0.0; 0.0; 0.0; 0; 2.309234753; 0.0; 
1521191577.01; 0.0; 0.0; 0.0; 0; 2.346820476; 0.007154234; 
1521191578.02; 0.0; 0.0; 0.0; 0; 2.328098353; 8.6456e-05; 
1521191579.02; 0.0; 0.0; 0.0; 0; 2.435526555; 0.0; 
1521191580.03; 0.0; 0.0; 0.0; 0; 2.211804259; 0.0; 
1521191581.04; 0.0; 0.0; 0.0; 0; 2.117957849; 0.0; 
1521191582.04; 0.0; 0.0; 0.0; 0; 1.919795731; 0.0; 
1521191583.05; 0.0; 0.0; 0.0; 0; 2.25608656; 0.0; 
1521191584.06; 0.0; 0.036162; 0.036162; 0; 2.202136664; 0.003490661; 
1521191585.06; 0.0; 0.0; 0.0; 0; 2.076646565; 0.0; 
1521191586.07; 0.0; 0.0; 0.0; 0; 2.09668914; 0.0; 
1521191587.08; 0.0; 0.0; 0.0; 0; 2.05094491; 0.0; 
1521191588.08; 0.0; 0.0; 0.0; 0; 2.26929108; 0.0; 
1521191589.09; 0.0; 0.0; 0.0; 0; 1.962851898; 0.0; 
1521191590.09; 0.0; 0.0; 0.0; 0; 2.014443844; 0.0; 
1521191591.1; 0.0; 0.0; 0.0; 0; 2.059952279; 0.001383296; 
1521191592.11; 0.0; 0.0; 0.0; 0; 2.060282392; 0.0; 
1521191593.11; 0.0; 0.036162; 0.036162; 0; 2.03208131; 0.0; 
1521191594.12; 0.0; 0.0; 0.0; 0; 2.018735313; 0.0; 
1521191595.13; 0.0; 0.0; 0.0; 0; 2.017320543; 0.0; 
1521191596.14; 0.0; 0.0; 0.0; 0; 2.006521132; 0.0; 
1521191597.14; 0.0; 0.0; 0.0; 0; 2.004540454; 0.0; 
1521191598.15; 0.0; 0.0; 0.0; 0; 2.035429599; 0.000464701; 
1521191599.15; 0.0; 0.0; 0.0; 0; 2.009633626; 0.0; 
1521191600.16; 0.0; 0.0; 0.0; 0; 2.005342157; 0.0; 
1521191601.17; 0.0; 0.0; 0.0; 0; 1.998834215; 0.0; 
1521191602.17; 0.0; 0.0; 0.0; 0; 2.000107508; 0.0; 
1521191603.18; 0.0; 0.0; 0.0; 0; 1.999258646; 0.0; 
1521191604.19; 0.0; 0.0; 0.0; 0; 2.031515402; 0.0; 
1521191605.19; 0.0; 0.0; 0.0; 0; 2.061602844; 0.000367438; 
1521191606.2; 0.0; 0.036162; 0.036162; 0; 2.043918219; 0.0; 
1521191607.21; 0.0; 0.0; 0.0; 0; 2.005012044; 0.0; 
1521191608.21; 0.0; 0.0; 0.0; 0; 2.069195443; 0.0; 
1521191609.22; 0.0; 0.0; 0.0; 0; 2.018971108; 0.0; 
1521191610.23; 0.0; 0.0; 0.0; 0; 2.026563707; 0.0; 
1521191611.23; 0.0; 0.0; 0.0; 0; 2.02878018; 0.006721954; 
1521191612.24; 0.0; 0.0; 0.0; 0; 2.042692085; 0.0; 
1521191613.25; 0.0; 0.0; 0.0; 0; 2.028355749; 0.0; 
1521191614.25; 0.0; 0.0; 0.0; 0; 1.945968976; 0.0; 
1521191615.26; 0.0; 0.0; 0.0; 0; 1.959126337; 0.0; 
1521191616.27; 0.0; 0.0; 0.0; 0; 1.962851898; 0.0; 
1521191617.27; 0.0; 0.0; 0.0; 0; 1.949600219; 0.0; 
1521191618.28; 0.0; 0.0; 0.0; 0; 1.942149097; 0.015929518; 
1521191619.28; 0.0; 0.0; 0.0; 0; 1.96134281; 3.2421e-05; 
1521191620.29; 0.0; 0.036162; 0.036162; 0; 1.956485433; 0.0; 
1521191621.3; 0.0; 0.0; 0.0; 0; 1.992184796; 0.0; 
1521191622.3; 0.0; 0.0; 0.0; 0; 1.996334788; 0.0; 
1521191623.31; 0.0; 0.0; 0.0; 0; 2.009680785; 0.0; 
1521191624.32; 0.0; 0.0; 0.0; 0; 2.001710914; 0.0; 
1521191625.32; 0.0; 0.0; 0.0; 0; 2.008784764; 0.009142722; 
1521191626.33; 0.0; 0.0; 0.0; 0; 1.990204118; 0.0; 
1521191627.33; 0.0; 0.0; 0.0; 0; 2.045804579; 0.0; 
1521191628.34; 0.0; 0.0; 0.0; 0; 2.222226398; 0.0; 
1521191629.35; 0.0; 0.0; 0.0; 0; 2.231893993; 0.0; 
1521191630.35; 0.0; 0.0; 0.0; 0; 2.222273557; 0.0; 
1521191631.36; 0.0; 0.0; 0.0; 0; 2.222462193; 0.0; 
1521191632.37; 0.0; 0.0; 0.0; 0; 2.253445656; 0.001448138; 
1521191633.37; 0.0; 0.036162; 0.036162; 0; 2.272733687; 0.000529543; 
1521191634.38; 0.0; 0.0; 0.0; 0; 2.255709288; 0.0; 
1521191635.39; 0.0; 0.0; 0.0; 0; 2.066365903; 0.0; 
1521191636.39; 0.0; 0.0; 0.0; 0; 1.953089985; 0.0; 
1521191637.4; 0.0; 0.0; 0.0; 0; 1.767566479; 0.011963349; 
1521191638.41; 0.0; 0.0; 0.0; 17960; 1.402650137; 0.0; 
1521191639.41; 0.0; 0.0; 0.0; 17960; 1.380579725; 0.0; 
1521191640.42; 795464.020152; 27.049176; 795464.019692; 8098; 43.488473553; 1.381728985; 
1521191641.43; 795445.528068; 50.156694; 795445.526487; 8333; 42.785993089; 1.381285898; 
1521191642.43; 795445.528068; 50.156694; 795445.526487; 8335; 42.448428967; 1.380605057; 
1521191643.44; 795445.575484; 50.156694; 795445.573902; 8336; 43.491491729; 1.381728985; 
1521191644.45; 795445.528068; 50.156694; 795445.526487; 8336; 42.796839659; 1.381307512; 
1521191645.45; 795445.528068; 50.156694; 795445.526487; 8336; 42.44121364; 1.380929267; 
1521191646.46; 795445.528068; 50.156694; 795445.526487; 8336; 43.4947457; 1.38145881; 
1521191647.47; 795445.575484; 50.156694; 795445.573902; 8336; 42.805847028; 1.381545266; 
1521191648.47; 795445.528068; 50.156694; 795445.526487; 8335; 42.454040888; 1.380367303; 
1521191649.48; 795445.528068; 50.156694; 795445.526487; 8336; 43.486492875; 1.381718178; 
1521191652.5; 795333.058265; 150.506244; 795333.044024; 8337; 43.158737825; 1.381469617; 
1521191653.51; 795445.528068; 50.192856; 795445.526484; 8336; 43.352042566; 1.381523652; 
1521191678.34; 795439.316624; 43.105104; 795439.315456; 7999; 43.067155047; 1.380259233; 
1521191679.34; 795445.528068; 50.156694; 795445.526487; 8329; 42.367928554; 1.380994109; 
1521191680.35; 795445.575484; 50.120532; 795445.573905; 8336; 43.066589139; 1.380734741; 
1521191681.36; 795445.622899; 50.08437; 795445.621322; 8336; 43.27121204; 1.380886039; 
1521191682.36; 795445.622899; 50.08437; 795445.621322; 8336; 42.34831041; 1.380313268; 
1521191683.37; 795445.622899; 50.08437; 795445.621322; 8336; 43.056921544; 1.380842811; 
1521191684.38; 795445.575484; 50.08437; 795445.573907; 8336; 43.275409191; 1.380853618; 
1521191685.38; 795445.622899; 50.08437; 795445.621322; 8336; 42.371371161; 1.380929267; 
1521191686.39; 795445.71773; 50.048208; 795445.716156; 8336; 43.024146039; 1.381199442; 
1521191687.4; 795445.670315; 50.048208; 795445.66874; 8336; 43.196323548; 1.380929267; 
1521191688.4; 795445.622899; 50.048208; 795445.621325; 8336; 42.307093444; 1.3811346; 
1521191689.41; 795445.622899; 50.048208; 795445.621325; 8335; 43.103326; 1.381480424; 
1521191690.42; 795445.670315; 50.08437; 795445.668738; 8335; 43.192362192; 1.380723934; 
1521191691.42; 795445.622899; 50.048208; 795445.621325; 8336; 42.286626438; 1.381426389; 
1521191692.43; 795445.670315; 50.048208; 795445.66874; 8336; 43.108230536; 1.381869476; 
1521191693.44; 795445.670315; 50.08437; 795445.668738; 8336; 43.166000311; 1.381199442; 
1521191694.44; 795445.622899; 50.048208; 795445.621325; 8336; 42.294219037; 1.381058951; 
1521191695.45; 795445.670315; 50.048208; 795445.66874; 8336; 43.109409511; 1.38178302; 
1521191696.46; 795445.622899; 50.08437; 795445.621322; 8336; 43.161048616; 1.380929267; 
1521191697.46; 795445.622899; 50.048208; 795445.621325; 8335; 42.258000925; 1.382636773; 
1521191698.47; 795445.670315; 50.048208; 795445.66874; 8336; 43.125443571; 1.381880283; 
1521191699.48; 795445.670315; 50.08437; 795445.668738; 8336; 43.15189977; 1.381102179; 
1521191700.49; 795445.622899; 50.048208; 795445.621325; 8335; 42.301340046; 1.381448003; 
1521191701.49; 795445.670315; 50.08437; 795445.668738; 8336; 43.006885845; 1.381707371; 
1521191702.5; 795445.622899; 50.048208; 795445.621325; 8336; 43.233862112; 1.381372354; 
1521191703.5; 795445.670315; 50.012046; 795445.668743; 8335; 42.248286171; 1.381707371; 
1521191704.51; 795445.765146; 49.975884; 795445.763576; 8336; 43.328227271; 1.3822153; 
1521191705.51; 795445.765146; 49.975884; 795445.763576; 8336; 42.25729354; 1.380637478; 
1521191706.52; 795445.765146; 49.939722; 795445.763578; 8336; 43.269844429; 1.381102179; 
1521191707.52; 795445.765146; 49.939722; 795445.763578; 8335; 42.299689481; 1.381610108; 
1521191708.53; 795445.765146; 49.975884; 795445.763576; 8336; 43.340441452; 1.381642529; 
1521191709.54; 795445.622899; 50.08437; 795445.621322; 8336; 42.440459096; 1.380745548; 
1521191710.54; 795445.670315; 50.048208; 795445.66874; 8336; 42.643007001; 1.381750599; 
1521191711.55; 795445.670315; 50.048208; 795445.66874; 8336; 43.345015875; 1.381480424; 
1521191712.56; 795445.670315; 50.048208; 795445.66874; 8336; 42.434422744; 1.380043093; 
1521191713.56; 795445.622899; 50.048208; 795445.621325; 8335; 42.628764983; 1.381718178; 
1521191714.57; 795445.71773; 50.048208; 795445.716156; 8336; 43.348269846; 1.381923511; 
1521191715.58; 795445.622899; 50.048208; 795445.621325; 8336; 42.471206764; 1.380669899; 
1521191716.58; 795445.670315; 50.048208; 795445.66874; 8336; 42.5987247; 1.381577687; 
1521191717.59; 795445.670315; 50.048208; 795445.66874; 8336; 43.347232348; 1.381620915; 
1521191718.6; 795445.622899; 50.048208; 795445.621325; 8336; 42.466538023; 1.380129549; 
1521191719.6; 795445.670315; 50.048208; 795445.66874; 8337; 42.619427501; 1.381912704; 
1521191720.61; 795445.670315; 50.048208; 795445.66874; 8335; 43.34666644; 1.381977546; 
1521191721.62; 795445.670315; 50.048208; 795445.66874; 8336; 42.449560783; 1.380291654; 
1521191722.62; 795445.670315; 50.048208; 795445.66874; 8336; 42.645789382; 1.381112986; 
1521191723.63; 795445.670315; 50.048208; 795445.66874; 8336; 43.343223833; 1.382064002; 
1521191724.64; 795445.622899; 50.048208; 795445.621325; 8336; 42.4572477; 1.379762111; 
1521191725.64; 795445.670315; 50.048208; 795445.66874; 8336; 42.637064967; 1.381653336; 
1521191726.65; 795445.670315; 50.048208; 795445.66874; 8336; 43.336668732; 1.381912704; 
1521191727.66; 795445.670315; 50.048208; 795445.66874; 8335; 42.450881235; 1.380010672; 
1521191728.66; 795445.670315; 50.048208; 795445.66874; 8336; 42.550858315; 1.380950881; 
1521191729.67; 795445.670315; 50.012046; 795445.668743; 8336; 43.229193371; 1.38199916; 
1521191730.67; 795445.765146; 49.975884; 795445.763576; 8335; 42.268470223; 1.380626671; 
1521191731.68; 795445.670315; 50.048208; 795445.66874; 8336; 43.307477311; 1.381696564; 
1521191732.69; 795445.670315; 50.048208; 795445.66874; 8336; 42.902947409; 1.381912704; 
1521191733.69; 795445.622899; 50.048208; 795445.621325; 8336; 42.269507721; 1.380021479; 
1521191734.7; 795445.71773; 50.012046; 795445.716158; 8336; 43.329594882; 1.381793827; 
1521191735.71; 795445.670315; 50.048208; 795445.66874; 8336; 42.860692945; 1.38091846; 
1521191736.71; 795445.670315; 50.048208; 795445.66874; 8336; 42.285164509; 1.380140356; 
1521191737.72; 795445.670315; 50.012046; 795445.668743; 8335; 43.3438369; 1.38135074; 
1521191738.73; 795445.622899; 50.120532; 795445.62132; 8336; 43.26225183; 1.381231863; 
1521191739.74; 795445.622899; 50.048208; 795445.621325; 8336; 42.392356916; 1.379935023; 
1521191740.74; 795445.670315; 50.012046; 795445.668743; 8336; 42.764913016; 1.381177828; 
1521191741.75; 795445.71773; 50.012046; 795445.716158; 8337; 43.055978364; 1.381080565; 
1521191742.75; 795445.812562; 49.939722; 795445.810994; 8336; 42.662295032; 1.380648285; 
1521191743.76; 795445.812562; 49.90356; 795445.810996; 8336; 42.797641362; 1.379664848; 
1521191744.76; 795445.765146; 49.90356; 795445.763581; 8337; 43.070456177; 1.381869476; 
1521191745.77; 795445.859977; 49.939722; 795445.85841; 8336; 42.481676062; 1.380043093; 
1521191746.77; 795445.765146; 49.939722; 795445.763578; 8336; 43.172225299; 1.381383161; 
1521191747.78; 795445.71773; 50.012046; 795445.716158; 8337; 43.085547057; 1.380734741; 
1521191748.79; 795445.670315; 50.012046; 795445.668743; 8335; 42.27002647; 1.380507794; 
1521191749.79; 795445.71773; 50.012046; 795445.716158; 8336; 43.136431618; 1.381091372; 
1521191750.8; 795445.670315; 50.012046; 795445.668743; 8336; 43.113606662; 1.379891795; 
1521191751.81; 795445.71773; 50.012046; 795445.716158; 8335; 42.244654928; 1.380151163; 
1521191752.81; 795445.71773; 50.012046; 795445.716158; 8336; 43.18396789; 1.380453759; 
1521191753.82; 795445.71773; 50.012046; 795445.716158; 8336; 43.106910084; 1.380075514; 
1521191754.83; 795445.71773; 49.975884; 795445.71616; 8337; 42.244607769; 1.380151163; 
1521191755.83; 795445.71773; 50.012046; 795445.716158; 8336; 43.178355969; 1.380129549; 
1521191756.84; 795445.71773; 49.939722; 795445.716163; 8336; 42.821550975; 1.379254182; 
1521191757.84; 795445.859977; 49.939722; 795445.85841; 8336; 42.518648718; 1.380453759; 
1521191758.85; 795445.71773; 49.975884; 795445.71616; 8336; 43.372273777; 1.380140356; 
1521191761.33; 795446.523796; 42.056406; 795446.522684; 8004; 42.892006521; 1.379697269; 
1521191762.34; 795445.71773; 50.012046; 795445.716158; 8328; 43.315918772; 1.379394673; 
1521191763.35; 795445.71773; 50.012046; 795445.716158; 8335; 42.495682285; 1.379048849; 
1521191764.35; 795445.765146; 49.975884; 795445.763576; 8336; 42.563213973; 1.379319024; 
1521191765.36; 795445.765146; 49.939722; 795445.763578; 8336; 43.339498272; 1.379394673; 
1521191766.37; 795445.765146; 49.975884; 795445.763576; 8336; 42.475403915; 1.379005621; 
1521191767.37; 795445.765146; 49.939722; 795445.763578; 8337; 42.611316153; 1.3789732; 
1521191768.38; 795445.765146; 49.975884; 795445.763576; 8336; 43.32780284; 1.379156919; 
1521191769.39; 795445.765146; 49.939722; 795445.763578; 8336; 42.468518701; 1.379448708; 
1521191770.4; 795445.71773; 50.012046; 795445.716158; 8336; 42.293181539; 1.378465271; 
1521191771.4; 795445.71773; 49.975884; 795445.71616; 8336; 43.359776642; 1.379481129; 
1521191772.4; 795445.907393; 49.831236; 795445.905832; 8336; 42.222490198; 1.379200147; 
1521191773.41; 795445.859977; 49.867398; 795445.858414; 8335; 43.38769477; 1.379805339; 
1521191774.42; 795445.812562; 49.939722; 795445.810994; 8336; 42.689081344; 1.377838465; 
1521191775.42; 795445.765146; 49.939722; 795445.763578; 8336; 42.318694558; 1.379437901; 
1521191776.43; 795445.765146; 49.939722; 795445.763578; 8335; 43.382648757; 1.379556778; 
1521191777.44; 795445.765146; 49.939722; 795445.763578; 8336; 42.674037623; 1.378346394; 
1521191778.44; 795445.765146; 49.939722; 795445.763578; 8336; 42.331191693; 1.37962162; 
1521191779.45; 795445.859977; 49.939722; 795445.85841; 8336; 43.325209095; 1.379491936; 
1521191780.46; 795445.765146; 49.939722; 795445.763578; 8335; 42.433998313; 1.378184289; 
1521191781.46; 795445.765146; 49.939722; 795445.763578; 8336; 42.587548017; 1.379718883; 
1521191782.47; 795445.765146; 49.939722; 795445.763578; 8336; 43.321719329; 1.379913409; 
1521191783.48; 795445.765146; 49.939722; 795445.763578; 8336; 42.431970476; 1.378054605; 
1521191784.48; 795445.765146; 49.975884; 795445.763576; 8336; 42.636404741; 1.380010672; 
1521191785.49; 795445.812562; 49.939722; 795445.810994; 8336; 43.319597174; 1.379275796; 
1521191786.5; 795445.71773; 49.975884; 795445.71616; 8336; 42.443430113; 1.378789481; 
1521191787.5; 795445.765146; 49.975884; 795445.763576; 8336; 42.633386565; 1.379664848; 
1521191788.51; 795445.765146; 49.939722; 795445.763578; 8335; 43.332282945; 1.379880988; 
1521191789.52; 795445.71773; 49.975884; 795445.71616; 8336; 42.424189241; 1.378357201; 
1521191790.52; 795445.765146; 49.975884; 795445.763576; 8336; 42.545859461; 1.37994583; 
1521191791.53; 795445.765146; 49.975884; 795445.763576; 8336; 43.343506787; 1.379891795; 
1521191792.54; 795445.71773; 49.975884; 795445.71616; 8336; 42.50770783; 1.378800288; 
1521191793.54; 795445.71773; 49.975884; 795445.71616; 8336; 42.463944278; 1.380302461; 
1521191794.55; 795445.765146; 49.975884; 795445.763576; 8337; 43.373877183; 1.379967444; 
1521191795.56; 795445.71773; 49.939722; 795445.716163; 8336; 42.362363792; 1.379221761; 
1521191796.56; 795445.859977; 49.939722; 795445.85841; 8336; 42.995096095; 1.380605057; 
1521191797.57; 795445.765146; 49.975884; 795445.763576; 8336; 43.163972474; 1.37962162; 
1521191798.57; 795445.71773; 49.939722; 795445.716163; 8335; 42.246635606; 1.378929972; 
1521191799.58; 795445.859977; 49.867398; 795445.858414; 8336; 43.349684616; 1.380356496; 
1521191800.59; 795445.765146; 49.975884; 795445.763576; 8336; 42.512518048; 1.37972969; 
1521191801.59; 795445.71773; 49.975884; 795445.71616; 8337; 42.539210042; 1.379848567; 
1521191802.6; 795445.765146; 49.975884; 795445.763576; 8336; 43.333839192; 1.380194391; 
1521191803.61; 795445.765146; 49.975884; 795445.763576; 8336; 42.50676465; 1.379794532; 
1521191804.61; 795445.71773; 49.975884; 795445.71616; 8336; 42.555998646; 1.379891795; 
1521191805.62; 795445.765146; 49.975884; 795445.763576; 8336; 43.167980989; 1.379654041; 
1521191806.63; 795445.812562; 49.90356; 795445.810996; 8336; 42.209049883; 1.380345689; 
1521191807.63; 795445.812562; 49.939722; 795445.810994; 8336; 43.315777295; 1.381058951; 
1521191815.02; 795501.715554; 0.506268; 795501.715554; 0; 1.561811762; 0.000248561; 
1521191816.03; 0.0; 0.0; 0.0; 0; 1.588598074; 0.0; 
1521191817.04; 0.0; 0.0; 0.0; 0; 1.575676508; 0.0; 
1521191818.05; 0.0; 0.0; 0.0; 26098; 1.550729397; 0.0; 
1521191819.05; 795499.581852; 0.253134; 795499.581852; 61496; 23.579169887; 0.739296063; 
1521191820.06; 795445.765146; 45.057852; 795445.76387; 7851; 43.256026842; 1.380518601; 
1521191821.07; 795445.670315; 50.048208; 795445.66874; 8323; 42.384669999; 1.380302461; 
1521191822.07; 795445.71773; 50.012046; 795445.716158; 8336; 42.712283572; 1.38048618; 
1521191823.08; 795445.670315; 50.012046; 795445.668743; 8336; 43.302431298; 1.380183584; 
1521191824.09; 795445.71773; 50.012046; 795445.716158; 8335; 42.450032373; 1.380291654; 
1521191825.09; 795445.71773; 50.012046; 795445.716158; 8336; 42.607071843; 1.379978251; 
1521191826.1; 795445.765146; 49.975884; 795445.763576; 8336; 43.329123292; 1.380475373; 
1521191827.11; 795445.71773; 49.975884; 795445.71616; 8336; 42.349395067; 1.38059425; 
1521191828.11; 795445.859977; 49.867398; 795445.858414; 8336; 43.15472931; 1.380605057; 
1521191829.12; 795445.765146; 49.975884; 795445.763576; 8336; 43.04390566; 1.37962162; 
1521191830.13; 795445.765146; 49.939722; 795445.763578; 8335; 42.225272579; 1.379783725; 
1521191831.13; 795445.765146; 49.90356; 795445.763581; 8336; 43.306769926; 1.38048618; 
1521191832.14; 795445.954808; 49.831236; 795445.953248; 8336; 42.265121934; 1.378908358; 
1521191833.14; 795445.907393; 49.831236; 795445.905832; 8336; 43.337517594; 1.380032286; 
1521191834.15; 795445.859977; 49.867398; 795445.858414; 8336; 42.25493559; 1.379481129; 
1521191835.15; 795445.812562; 49.90356; 795445.810996; 8336; 42.982834755; 1.379880988; 
1521191836.16; 795445.812562; 49.939722; 795445.810994; 8336; 43.144212853; 1.379210954; 
1521191837.17; 795445.765146; 49.939722; 795445.763578; 8336; 42.292757108; 1.37918934; 
1521191838.17; 795445.812562; 49.90356; 795445.810996; 8336; 42.901061049; 1.379156919; 
1521191839.18; 795445.812562; 49.90356; 795445.810996; 8336; 43.190522991; 1.379394673; 
1521191840.19; 795445.765146; 49.975884; 795445.763576; 8335; 42.509499872; 1.379156919; 
1521191841.19; 795445.765146; 49.939722; 795445.763578; 8336; 42.454276683; 1.378994814; 
1521191842.2; 795445.859977; 49.867398; 795445.858414; 8336; 43.202878649; 1.379329831; 
1521191843.21; 795445.859977; 49.867398; 795445.858414; 8336; 42.211690787; 1.378940779; 
1521191844.22; 795445.812562; 49.939722; 795445.810994; 8337; 43.158737825; 1.379578392; 
1521191845.22; 795445.622899; 50.012046; 795445.621327; 8336; 43.339781226; 1.379524357; 
1521191846.23; 795445.954808; 49.831236; 795445.953248; 8336; 42.196694225; 1.379762111; 
1521191847.23; 795445.907393; 49.831236; 795445.905832; 8336; 43.344214172; 1.379816146; 
1521191848.24; 795445.812562; 49.90356; 795445.810996; 8335; 42.573824748; 1.379113691; 
1521191849.24; 795445.812562; 49.90356; 795445.810996; 8336; 42.345763824; 1.379383866; 
1521191850.25; 795445.812562; 49.939722; 795445.810994; 8336; 43.346147691; 1.379610813; 
1521191851.26; 795445.812562; 49.90356; 795445.810996; 8336; 42.569061689; 1.37886513; 
1521191852.26; 795445.812562; 49.90356; 795445.810996; 8335; 42.353780854; 1.378929972; 
1521191853.27; 795445.812562; 49.939722; 795445.810994; 8336; 43.362983454; 1.37983776; 
1521191854.28; 795445.812562; 49.90356; 795445.810996; 8336; 42.588726992; 1.378205903; 
1521191855.28; 795445.765146; 49.939722; 795445.763578; 8336; 42.362741064; 1.379308217; 
1521191856.29; 795445.859977; 49.867398; 795445.858414; 8336; 43.355485173; 1.379286603; 
1521191857.3; 795445.812562; 49.939722; 795445.810994; 8336; 42.553404901; 1.377838465; 
1521191858.3; 795445.812562; 49.90356; 795445.810996; 8335; 42.399194971; 1.379459515; 
1521191859.31; 795445.812562; 49.90356; 795445.810996; 8336; 43.353363018; 1.379535164; 
1521191860.32; 795445.812562; 49.90356; 795445.810996; 8336; 42.668567179; 1.377773623; 
1521191861.33; 795445.338406; 50.337504; 795445.336813; 8336; 42.918085448; 1.378843516; 
1521191862.34; 795445.859977; 49.90356; 795445.858412; 8336; 43.15614408; 1.378713832; 
1521191863.35; 795445.812562; 49.90356; 795445.810996; 8336; 42.289880409; 1.378670604; 
1521191864.35; 795445.859977; 49.867398; 795445.858414; 8336; 42.851213986; 1.378530113; 
1521191865.36; 795445.812562; 49.90356; 795445.810996; 8335; 43.197879795; 1.378530113; 
1521191866.37; 795445.859977; 49.867398; 795445.858414; 8336; 42.301104251; 1.378454464; 
1521191867.37; 795445.859977; 49.867398; 795445.858414; 8336; 42.770147665; 1.378346394; 
1521191868.38; 795445.954808; 49.831236; 795445.953248; 8336; 43.189202539; 1.378897551; 
1521191869.39; 795445.812562; 49.867398; 795445.810998; 8336; 42.297661644; 1.377708781; 
1521191870.39; 795445.907393; 49.831236; 795445.905832; 8336; 42.761470409; 1.378238324; 
1521191871.4; 795445.859977; 49.867398; 795445.858414; 8336; 43.192220715; 1.378681411; 
1521191872.41; 795445.907393; 49.831236; 795445.905832; 8335; 42.325296818; 1.378141061; 
1521191873.41; 795445.812562; 49.90356; 795445.810996; 8336; 42.742323855; 1.37854092; 
1521191874.42; 795445.907393; 49.831236; 795445.905832; 8336; 43.166566219; 1.378497692; 
1521191875.43; 795445.859977; 49.867398; 795445.858414; 8336; 42.283938375; 1.377643939; 
1521191876.43; 795445.907393; 49.867398; 795445.90583; 8336; 42.838622533; 1.378508499; 
1521191877.44; 795445.859977; 49.867398; 795445.858414; 8336; 43.17595086; 1.379340638; 
1521191878.45; 795445.907393; 49.795074; 795445.905834; 8336; 42.220650997; 1.378735446; 
1521191879.45; 795445.954808; 49.795074; 795445.95325; 8336; 42.782833436; 1.37875706; 
1521191880.46; 795463.972736; 40.609926; 795463.9717; 8336; 2.039249478; 1.408335819; 
1521191881.47; 0.0; 1.952748; 1.952748; 8336; 1.294561709; 1.408454696; 
1521191882.47; 0.0; 1.554966; 1.554966; 8336; 1.344691726; 1.40966508; 
1521191883.48; 0.0; 1.591128; 1.591128; 8336; 1.344314454; 1.40955701; 
1521191884.49; 0.0; 1.62729; 1.62729; 8336; 1.339362759; 1.40944894; 
1521191885.49; 0.0; 1.62729; 1.62729; 8336; 1.358556472; 1.409427326; 
1521191886.5; 0.0; 1.591128; 1.591128; 8336; 1.354217844; 1.409502975; 
1521191887.51; 0.0; 1.62729; 1.62729; 8336; 1.424814867; 1.409243607; 
1521191888.51; 795461.88645; 29.508192; 795461.885903; 8569; 42.887573575; 1.379156919; 
1521191889.52; 795445.812562; 49.939722; 795445.810994; 8351; 43.190994581; 1.378940779; 
1521191890.53; 795445.71773; 49.939722; 795445.716163; 8345; 42.293370175; 1.378897551; 
1521191891.53; 795445.765146; 49.975884; 795445.763576; 8340; 42.999293246; 1.379556778; 
1521191892.54; 795445.812562; 49.939722; 795445.810994; 8336; 43.201793992; 1.379362252; 
1521191893.55; 795445.71773; 49.975884; 795445.71616; 8336; 42.301623; 1.37929741; 
1521191894.55; 795445.765146; 49.939722; 795445.763578; 8336; 42.888422437; 1.379805339; 
1521191895.56; 795445.765146; 49.975884; 795445.763576; 8336; 43.20896216; 1.380064707; 
1521191896.57; 795445.71773; 49.975884; 795445.71616; 8336; 42.349489385; 1.379794532; 
1521191897.57; 795445.765146; 49.939722; 795445.763578; 8336; 42.821692452; 1.379978251; 
1521191898.58; 795445.765146; 49.975884; 795445.763576; 8336; 43.236974606; 1.379654041; 
1521191899.59; 795445.765146; 49.939722; 795445.763578; 8336; 42.341047924; 1.379210954; 
1521191900.59; 795445.765146; 49.975884; 795445.763576; 8336; 42.852298643; 1.380064707; 
1521191938.43; 795449.2739; 41.152356; 795449.272836; 8014; 42.6411678; 1.378616569; 
1521191939.43; 795445.765146; 49.939722; 795445.763578; 8328; 43.357701646; 1.378843516; 
1521191940.44; 795445.812562; 49.90356; 795445.810996; 8336; 42.643384273; 1.377265694; 
1521191941.45; 795445.812562; 49.939722; 795445.810994; 8336; 42.251587301; 1.378357201; 
1521191942.45; 795445.765146; 49.90356; 795445.763581; 8336; 43.296630741; 1.378994814; 
1521191943.46; 795445.859977; 49.939722; 795445.85841; 8337; 42.955906966; 1.377643939; 
1521191944.47; 795445.765146; 49.90356; 795445.763581; 8337; 42.266961135; 1.378346394; 
1521191945.48; 795445.812562; 49.939722; 795445.810994; 8336; 42.830888457; 1.378141061; 
1521191946.48; 795445.765146; 49.939722; 795445.763578; 8336; 43.288755188; 1.378443657; 
1521191947.49; 795445.812562; 49.90356; 795445.810996; 8336; 42.409381315; 1.378173482; 
1521191948.5; 795445.765146; 49.939722; 795445.763578; 8336; 42.678234774; 1.378746253; 
1521191949.5; 795445.812562; 49.90356; 795445.810996; 8336; 43.119548696; 1.378173482; 
1521191950.51; 795445.907393; 49.867398; 795445.90583; 8336; 42.259321377; 1.37886513; 
1521191951.52; 795445.385821; 50.301342; 795445.384231; 8336; 43.027918759; 1.378054605; 
1521191952.53; 795445.765146; 49.939722; 795445.763578; 8335; 42.230365751; 1.378832709; 
1521191953.53; 795445.765146; 49.939722; 795445.763578; 8336; 43.232164388; 1.379373059; 
1521191954.54; 795445.812562; 49.939722; 795445.810994; 8335; 43.083660697; 1.378238324; 
1521191955.55; 795445.71773; 49.975884; 795445.71616; 8336; 42.249983895; 1.378940779; 
1521191956.55; 795445.812562; 49.939722; 795445.810994; 8336; 43.147796937; 1.379567585; 
1521191957.56; 795445.765146; 49.939722; 795445.763578; 8336; 43.108466331; 1.378767867; 
