1518522348.26, 
0, 
0, 
0.0, 
0, 
36096, 
7680, 
1518522349.28, 
0, 
0, 
0.0, 
0, 
32512, 
512, 
1518522350.28, 
0, 
0, 
0.0, 
0, 
32768, 
256, 
1518522351.29, 
0, 
0, 
0.0, 
0, 
32512, 
0, 
1518522352.3, 
0, 
0, 
0.0, 
0, 
32512, 
0, 
1518523232.81, 0, 0, 0.0, 0, 8, 0, 
1518523233.82, 0, 0, 0.0, 0, 8, 0, 
1518523234.83, 0, 0, 0.0, 0, 8, 0, 
1518523235.83, 0, 0, 0.0, 0, 8, 0, 
1518523236.84, 0, 0, 0.0, 0, 8, 0, 
1518523278.48; 0; 0; 0.0; 0; 8; 0; 
1518523279.49; 0; 0; 0.0; 0; 8; 0; 
1518523280.49; 0; 0; 0.0; 0; 8; 0; 
1518523281.5; 0; 0; 0.0; 0; 8; 0; 
1518523282.5; 0; 0; 0.0; 0; 8; 0; 
